[debug] [2022-12-08T13:15:07.756Z] ----------------------------------------------------------------------
[debug] [2022-12-08T13:15:07.764Z] Command:       C:\Program Files\nodejs\node.exe C:\Users\LAPTOP POINT\AppData\Roaming\npm\node_modules\firebase-tools\lib\bin\firebase.js init
[debug] [2022-12-08T13:15:07.769Z] CLI Version:   11.17.0
[debug] [2022-12-08T13:15:07.771Z] Platform:      win32
[debug] [2022-12-08T13:15:07.771Z] Node Version:  v18.12.1
[debug] [2022-12-08T13:15:07.777Z] Time:          Thu Dec 08 2022 18:15:07 GMT+0500 (Pakistan Standard Time)
[debug] [2022-12-08T13:15:07.779Z] ----------------------------------------------------------------------
[debug] 
[debug] [2022-12-08T13:15:08.197Z] > command requires scopes: ["email","openid","https://www.googleapis.com/auth/cloudplatformprojects.readonly","https://www.googleapis.com/auth/firebase","https://www.googleapis.com/auth/cloud-platform"]
[debug] [2022-12-08T13:15:08.199Z] > authorizing via signed-in user (karizali310@gmail.com)
[info] 
     ######## #### ########  ######## ########     ###     ######  ########
     ##        ##  ##     ## ##       ##     ##  ##   ##  ##       ##
     ######    ##  ########  ######   ########  #########  ######  ######
     ##        ##  ##    ##  ##       ##     ## ##     ##       ## ##
     ##       #### ##     ## ######## ########  ##     ##  ######  ########

You're about to initialize a Firebase project in this directory:

  C:\Users\LAPTOP POINT

Before we get started, keep in mind:

  * You are initializing within an existing Firebase project directory

[info] 
=== Project Setup
[info] 
[info] First, let's associate this project directory with a Firebase project.
[info] You can create multiple project aliases by running firebase use --add, 
[info] but for now we'll just set up a default project.
[info] 
[debug] [2022-12-08T13:15:13.851Z] Using project from CLI flag: twitter-f90d3
[debug] [2022-12-08T13:15:13.863Z] >>> [apiv2][query] GET https://firebase.googleapis.com/v1beta1/projects/twitter-f90d3 [none]
[debug] [2022-12-08T13:15:14.799Z] <<< [apiv2][status] GET https://firebase.googleapis.com/v1beta1/projects/twitter-f90d3 403
[debug] [2022-12-08T13:15:14.800Z] <<< [apiv2][body] GET https://firebase.googleapis.com/v1beta1/projects/twitter-f90d3 {"error":{"code":403,"message":"The caller does not have permission","status":"PERMISSION_DENIED"}}
[debug] [2022-12-08T13:15:14.802Z] HTTP Error: 403, The caller does not have permission
[debug] [2022-12-08T13:15:15.453Z] FirebaseError: HTTP Error: 403, The caller does not have permission
    at responseToError (C:\Users\LAPTOP POINT\AppData\Roaming\npm\node_modules\firebase-tools\lib\responseToError.js:49:12)
    at RetryOperation._fn (C:\Users\LAPTOP POINT\AppData\Roaming\npm\node_modules\firebase-tools\lib\apiv2.js:288:77)
    at process.processTicksAndRejections (node:internal/process/task_queues:95:5)
[error] 
[error] Error: Failed to get Firebase project twitter-f90d3. Please make sure the project exists and your account has permission to access it.
